Processing ../dataset/starwars/StarWars2.txt
View: Number
+-------------------+
| number            |
+-------------------+
| 49.3:(54,58)      |
| 12:(191,193)      |
| 25:(194,196)      |
| 2015:(197,201)    |
| 4:(202,203)       |
| 45:(204,206)      |
| 49.3:(366,370)    |
| 4,134:(384,389)   |
| 24.6:(429,433)    |
| 25:(477,479)      |
| 2009:(481,485)    |
| 400:(565,568)     |
| 440.4:(623,628)   |
| 449.9:(711,716)   |
| 890.3:(747,752)   |
| 1:(842,843)       |
| 150:(931,934)     |
| 106:(1065,1068)   |
| 100:(1152,1155)   |
| 300:(1259,1262)   |
| 70:(1567,1569)    |
| 100:(1580,1583)   |
| 2:(1915,1916)     |
| 15.7:(1940,1944)  |
| 3,271:(1958,1963) |
| 1.2:(1986,1989)   |
| 50:(2031,2033)    |
| 40:(2115,2117)    |
| 45:(2127,2129)    |
| 3:(2376,2377)     |
| 6.9:(2441,2444)   |
| 2,896:(2458,2463) |
| 21:(2500,2502)    |
| 60:(2574,2576)    |
| 5:(2877,2878)     |
| 4.3:(2931,2934)   |
| 13:(2960,2962)    |
| 35:(3028,3030)    |
| 8:(3131,3132)     |
| 10:(3142,3144)    |
| 100:(3261,3264)   |
| 1991:(3311,3315)  |
| 4.1:(3354,3357)   |
| 2,910:(3378,3383) |
| 11:(3433,3435)    |
| 40:(3522,3524)    |
| 43:(3618,3620)    |
| 60:(3779,3781)    |
| 5:(4082,4083)     |
| 4.3:(4136,4139)   |
| 13:(4165,4167)    |
| 35:(4233,4235)    |
| 8:(4336,4337)     |
| 10:(4347,4349)    |
| 100:(4466,4469)   |
| 1991:(4516,4520)  |
| 4.1:(4559,4562)   |
| 2,910:(4583,4588) |
| 11:(4638,4640)    |
| 40:(4727,4729)    |
| 43:(4823,4825)    |
+-------------------+
61 rows in set

View: Location
+-----------------------+
| location              |
+-----------------------+
| theaters:(390,398)    |
| theaters:(1521,1529)  |
| theaters:(1584,1592)  |
| theaters:(1627,1635)  |
| locations:(1964,1973) |
| theaters:(2464,2472)  |
| theaters:(3384,3392)  |
| theaters:(4589,4597)  |
+-----------------------+
8 rows in set

View: Time
+---------------------------+
| time                      |
+---------------------------+
| Christmas :(30,40)        |
| Christmas :(294,304)      |
| Friday:(402,408)          |
| Christmas Day:(508,521)   |
| weekend:(780,787)         |
| weekend:(871,878)         |
| weekend:(995,1002)        |
| Christmas Day:(1088,1101) |
| weekend:(1237,1244)       |
| Christmas Day:(1355,1368) |
| Christmas Day:(1920,1933) |
| weekend:(2146,2153)       |
| Friday:(2476,2482)        |
| weekend:(2511,2518)       |
| days:(2690,2694)          |
| Friday:(2882,2888)        |
| weekend:(2971,2978)       |
| Friday:(3366,3372)        |
| weekend:(3449,3456)       |
| days:(3895,3899)          |
| Friday:(4087,4093)        |
| weekend:(4176,4183)       |
| Friday:(4571,4577)        |
| weekend:(4654,4661)       |
+---------------------------+
24 rows in set

View: Money
+---------------+---------------------------+------------------+
| dollar        | money                     | number           |
+---------------+---------------------------+------------------+
| $:(365,366)   | $49.3 million:(365,378)   | 49.3:(366,370)   |
| $:(428,429)   | $24.6 million:(428,441)   | 24.6:(429,433)   |
| $:(564,565)   | $400 million:(564,576)    | 400:(565,568)    |
| $:(622,623)   | $440.4 million:(622,636)  | 440.4:(623,628)  |
| $:(710,711)   | $449.9 million:(710,724)  | 449.9:(711,716)  |
| $:(746,747)   | $890.3 million:(746,760)  | 890.3:(747,752)  |
| $:(841,842)   | $1 billion:(841,851)      | 1:(842,843)      |
| $:(930,931)   | $150 million:(930,942)    | 150:(931,934)    |
| $:(1064,1065) | $106 million:(1064,1076)  | 106:(1065,1068)  |
| $:(1151,1152) | $100 million:(1151,1163)  | 100:(1152,1155)  |
| $:(1258,1259) | $300 million:(1258,1270)  | 300:(1259,1262)  |
| $:(1939,1940) | $15.7 million:(1939,1952) | 15.7:(1940,1944) |
| $:(1985,1986) | $1.2 million:(1985,1997)  | 1.2:(1986,1989)  |
| $:(2030,2031) | $50 million:(2030,2041)   | 50:(2031,2033)   |
| $:(2114,2115) | $40 million:(2114,2125)   | 40:(2115,2117)   |
| $:(2126,2127) | $45 million:(2126,2137)   | 45:(2127,2129)   |
| $:(2440,2441) | $6.9 million:(2440,2452)  | 6.9:(2441,2444)  |
| $:(2499,2500) | $21 million:(2499,2510)   | 21:(2500,2502)   |
| $:(2573,2574) | $60 million:(2573,2584)   | 60:(2574,2576)   |
| $:(2930,2931) | $4.3 million:(2930,2942)  | 4.3:(2931,2934)  |
| $:(2959,2960) | $13 million:(2959,2970)   | 13:(2960,2962)   |
| $:(3027,3028) | $35 million:(3027,3038)   | 35:(3028,3030)   |
| $:(3130,3131) | $8 million:(3130,3140)    | 8:(3131,3132)    |
| $:(3141,3142) | $10 million:(3141,3152)   | 10:(3142,3144)   |
| $:(3260,3261) | $100 million:(3260,3272)  | 100:(3261,3264)  |
| $:(3353,3354) | $4.1 million:(3353,3365)  | 4.1:(3354,3357)  |
| $:(3432,3433) | $11 million:(3432,3443)   | 11:(3433,3435)   |
| $:(3521,3522) | $40 million:(3521,3532)   | 40:(3522,3524)   |
| $:(3617,3618) | $43 million:(3617,3628)   | 43:(3618,3620)   |
| $:(3778,3779) | $60 million:(3778,3789)   | 60:(3779,3781)   |
| $:(4135,4136) | $4.3 million:(4135,4147)  | 4.3:(4136,4139)  |
| $:(4164,4165) | $13 million:(4164,4175)   | 13:(4165,4167)   |
| $:(4232,4233) | $35 million:(4232,4243)   | 35:(4233,4235)   |
| $:(4335,4336) | $8 million:(4335,4345)    | 8:(4336,4337)    |
| $:(4346,4347) | $10 million:(4346,4357)   | 10:(4347,4349)   |
| $:(4465,4466) | $100 million:(4465,4477)  | 100:(4466,4469)  |
| $:(4558,4559) | $4.1 million:(4558,4570)  | 4.1:(4559,4562)  |
| $:(4637,4638) | $11 million:(4637,4648)   | 11:(4638,4640)   |
| $:(4726,4727) | $40 million:(4726,4737)   | 40:(4727,4729)   |
| $:(4822,4823) | $43 million:(4822,4833)   | 43:(4823,4825)   |
+---------------+---------------------------+------------------+
40 rows in set

View: RevenueBasedOnLocation
+-----------------------------------------------------+
| detail                                              |
+-----------------------------------------------------+
| $49.3 million from 4,134 theaters:(365,398)         |
| $15.7 million from 3,271 locations:(1939,1973)      |
| $6.9 million from 2,896 theaters:(2440,2472)        |
| $4.1 million Friday from 2,910 theaters:(3353,3392) |
| $4.1 million Friday from 2,910 theaters:(4558,4597) |
+-----------------------------------------------------+
5 rows in set

View: RevenueBasedOnTime
+-----------------------------------------------------+
| detail                                              |
+-----------------------------------------------------+
| $890.3 million. Sometime over the weekend:(746,787) |
| $1 billion worldwide. For the weekend:(841,878)     |
| $106 million). Overall, Christmas Day:(1064,1101)   |
| $40 million-$45 million for the weekend:(2114,2153) |
| $45 million for the weekend:(2126,2153)             |
| $11 million-plus weekend:(3432,3456)                |
| $11 million-plus weekend:(4637,4661)                |
+-----------------------------------------------------+
7 rows in set

