Processing ../dataset/starwars/StarWars1.txt
View: Number
+---------------------+
| number              |
+---------------------+
| 26:(166,168)        |
| 2015:(170,174)      |
| 08:(177,179)        |
| 06:(180,182)        |
| 49.3:(350,354)      |
| 24.6:(425,429)      |
| 25:(483,485)        |
| 2009:(487,491)      |
| 140:(607,610)       |
| 4,134:(622,627)     |
| 10:(655,657)        |
| 530:(683,686)       |
| 106:(804,807)       |
| 10:(826,828)        |
| 402.6:(841,846)     |
| 500:(893,896)       |
| 17:(916,918)        |
| 4:(1198,1199)       |
| 100:(1378,1381)     |
| 2009:(1452,1456)    |
| 86:(1463,1465)      |
| 269.8:(1658,1663)   |
| 2009:(1675,1679)    |
| 450:(1757,1760)     |
| 890:(1848,1851)     |
| 16:(1893,1895)      |
| 1:(1925,1926)       |
| 10:(2040,2042)      |
| 35:(2192,2194)      |
| 3,271:(2206,2211)   |
| 15.7:(2273,2277)    |
| 20:(2461,2463)      |
| 2,896:(2475,2480)   |
| 6.9:(2536,2539)     |
| 15:(2691,2693)      |
| 2,962:(2705,2710)   |
| 13.9:(2819,2823)    |
| 4.3:(2945,2948)     |
| 2,841:(2977,2982)   |
| 13.3:(3021,3025)    |
| 10:(3090,3092)      |
| 35:(3265,3267)      |
| 4.1:(3332,3335)     |
| 2,910:(3347,3352)   |
| 10:(3396,3398)      |
| 12:(3411,3413)      |
| 40:(3524,3526)      |
| 3:(3569,3570)       |
| 1.9:(3730,3733)     |
| 100:(3745,3748)     |
| 44:(3759,3761)      |
| 5:(3836,3837)       |
| 50,000:(3875,3881)  |
| 70:(3918,3920)      |
| 20:(3944,3946)      |
| 171,758:(3972,3979) |
| 1820:(4098,4102)    |
+---------------------+
57 rows in set

View: Location
+-----------------------+
| location              |
+-----------------------+
| U.S.:(370,374)        |
| U.S.:(628,632)        |
| theaters:(633,641)    |
| U.S.:(1343,1347)      |
| U.S.:(2158,2162)      |
| sites:(2212,2217)     |
| locations:(2481,2490) |
| sites:(2711,2716)     |
| locations:(2983,2992) |
| sites:(3353,3358)     |
| venues:(3749,3755)    |
| U.S.:(3762,3766)      |
| sites:(3988,3993)     |
+-----------------------+
13 rows in set

View: Time
+---------------------------+
| time                      |
+---------------------------+
| Christmas :(19,29)        |
| Christmas :(271,281)      |
| weekend:(281,288)         |
| Christmas Day:(323,336)   |
| Friday:(378,384)          |
| weekend:(505,512)         |
| weekend:(582,589)         |
| weekend:(794,801)         |
| days:(919,923)            |
| Christmas Day:(1326,1339) |
| Christmas :(1434,1444)    |
| weekend:(1535,1542)       |
| Christmas :(1608,1618)    |
| weekend:(1618,1625)       |
| Christmas Day:(1775,1788) |
| Christmas :(1968,1978)    |
| weekend:(1978,1985)       |
| Christmas Day:(2289,2302) |
| Christmas :(2430,2440)    |
| weekend:(2499,2506)       |
| Christmas Day:(2551,2564) |
| weekend:(2586,2593)       |
| Christmas Day:(2960,2973) |
| weekend:(3009,3016)       |
| weekend:(3430,3437)       |
| Christmas Day:(3778,3791) |
| weekend:(3854,3861)       |
| Christmas :(4002,4012)    |
+---------------------------+
28 rows in set

View: Money
+---------------+--------------------------------+--------------------+
| dollar        | money                          | number             |
+---------------+--------------------------------+--------------------+
| $:(349,350)   | $49.3 million:(349,362)        | 49.3:(350,354)     |
| $:(424,425)   | $24.6 million:(424,437)        | 24.6:(425,429)     |
| $:(606,607)   | $140 million:(606,618)         | 140:(607,610)      |
| $:(682,683)   | $530 million:(682,694)         | 530:(683,686)      |
| $:(803,804)   | $106 million:(803,815)         | 106:(804,807)      |
| $:(840,841)   | $402.6 million:(840,854)       | 402.6:(841,846)    |
| $:(892,893)   | $500 million:(892,904)         | 500:(893,896)      |
| $:(1197,1198) | $4 billion:(1197,1207)         | 4:(1198,1199)      |
| $:(1377,1378) | $100 million:(1377,1389)       | 100:(1378,1381)    |
| $:(1462,1463) | $86 million:(1462,1473)        | 86:(1463,1465)     |
| $:(1657,1658) | $269.8 million:(1657,1671)     | 269.8:(1658,1663)  |
| $:(1756,1757) | $450 million:(1756,1768)       | 450:(1757,1760)    |
| $:(1847,1848) | $890 million:(1847,1859)       | 890:(1848,1851)    |
| $:(1924,1925) | $1 billion:(1924,1934)         | 1:(1925,1926)      |
| $:(2191,2192) | $35 million:(2191,2202)        | 35:(2192,2194)     |
| $:(2272,2273) | $15.7 million:(2272,2285)      | 15.7:(2273,2277)   |
| $:(2460,2461) | $20 million:(2460,2471)        | 20:(2461,2463)     |
| $:(2535,2536) | $6.9 million:(2535,2547)       | 6.9:(2536,2539)    |
| $:(2690,2691) | $15 million:(2690,2701)        | 15:(2691,2693)     |
| $:(2818,2819) | $13.9 million:(2818,2831)      | 13.9:(2819,2823)   |
| $:(2944,2945) | $4.3 million:(2944,2956)       | 4.3:(2945,2948)    |
| $:(3020,3021) | $13.3 million:(3020,3033)      | 13.3:(3021,3025)   |
| $:(3089,3090) | $10 million:(3089,3100)        | 10:(3090,3092)     |
| $:(3264,3265) | $35 million:(3264,3275)        | 35:(3265,3267)     |
| $:(3331,3332) | $4.1 million:(3331,3343)       | 4.1:(3332,3335)    |
| $:(3395,3396) | $10 million:(3395,3406)        | 10:(3396,3398)     |
| $:(3410,3411) | $12 million:(3410,3421)        | 12:(3411,3413)     |
| $:(3523,3524) | $40 million:(3523,3534)        | 40:(3524,3526)     |
| $:(3729,3730) | $1.9 million:(3729,3741)       | 1.9:(3730,3733)    |
| $:(3835,3836) | $5 million:(3835,3845)         | 5:(3836,3837)      |
| $:(3874,3875) | $50,000 per screen:(3874,3892) | 50,000:(3875,3881) |
+---------------+--------------------------------+--------------------+
31 rows in set

View: RevenueBasedOnLocation
+---------------------------------------------------+
| detail                                            |
+---------------------------------------------------+
| $49.3 million in the U.S.:(349,374)               |
| $140 million at 4,134 U.S.:(606,632)              |
| $35 million at 3,271 sites:(2191,2217)            |
| $20 million at 2,896 locations:(2460,2490)        |
| $15 million at 2,962 sites:(2690,2716)            |
| $4.1 million at 2,910 sites:(3331,3358)           |
| $1.9 million at 100 venues:(3729,3755)            |
| $1.9 million at 100 venues in 44 U.S.:(3729,3766) |
+---------------------------------------------------+
8 rows in set

View: RevenueBasedOnTime
+--------------------------------------------------------+
| detail                                                 |
+--------------------------------------------------------+
| $500 million milestone (17 days:(892,923)              |
| $450 million as of Christmas Day:(1756,1788)           |
| $15.7 million on Christmas Day:(2272,2302)             |
| $6.9 million on Christmas Day:(2535,2564)              |
| $4.3 million on Christmas Day:(2944,2973)              |
| $10 million to $12 million opening weekend:(3395,3437) |
| $12 million opening weekend:(3410,3437)                |
| $5 million for the weekend:(3835,3861)                 |
+--------------------------------------------------------+
8 rows in set

